23140357 defeat 1640 1752
null defeat 0 0
null defeat 0 0
null defeat 0 0
null defeat 0 0
null defeat 0 0
null defeat 0 0
null defeat 0 0
null defeat 0 0
null defeat 0 0
23142201 victory 242 2027
23142209 victory 998 2294
23142210 defeat 1646 333
23142212 defeat 1645 1432
23142213 victory 60 1607
23142214 defeat 1643 832
23142215 victory 545 1661
23142216 defeat 1646 458
23142217 victory 111 1782
23142218 defeat 1645 1298
23142219 defeat 1648 1259
23142267 victory 183 1780
23142348 defeat 1650 1572
23142374 defeat 1639 1608
23142386 victory 340 1934
23142396 victory 794 1434
23142398 defeat 1642 443
23142399 victory 367 1317
23142400 defeat 1651 812
23142401 victory 93 1587
23142403 tie 0 170
23142404 defeat 1649 956
23142405 defeat 1646 1315
23142406 victory 140 1741
23142407 victory 503 1213
23142417 defeat 1646 307
23142418 victory 1111 2571
23142423 tie 904 1197
23142424 victory 429 1719
23142425 victory 722 1901
23142426 victory 1490 1405
23142428 victory 44 1675
23142429 victory 237 2531
23142430 defeat 1645 581
23142431 defeat 1657 2233
23142433 victory 1111 1961
23142434 defeat 1643 56
23142435 defeat 1652 1765
23142437 victory 29 1571
23142438 victory 644 1892
23142439 victory 1110 2045
23142440 defeat 1651 1746
23142441 victory 905 2072
23142442 defeat 1651 983
23142443 victory 1115 1877
23142444 victory 355 1316
